Removed Pin From Net: NetName=VCCIO5 Pin=C23-1
Removed Pin From Net: NetName=VCCIO5 Pin=C24-1
Removed Pin From Net: NetName=VCCIO5 Pin=C41-1
Removed Pin From Net: NetName=VCCIO5 Pin=C42-1
Removed Pin From Net: NetName=VCCIO5 Pin=C48-1
Removed Pin From Net: NetName=VCCIO5 Pin=C49-1
Removed Pin From Net: NetName=VCCIO5 Pin=C98-1
Removed Pin From Net: NetName=VCCIO5 Pin=C99-1
Removed Pin From Net: NetName=VCCIO5 Pin=C100-1
Removed Pin From Net: NetName=VCCIO5 Pin=C105-1
Removed Pin From Net: NetName=VCCIO5 Pin=C171-1
Removed Pin From Net: NetName=VCCIO5 Pin=J3-3
Removed Pin From Net: NetName=VCCIO5 Pin=J4-3
Removed Pin From Net: NetName=VCCIO5 Pin=J5-3
Removed Pin From Net: NetName=VCCIO5 Pin=J6-3
Removed Pin From Net: NetName=VCCIO5 Pin=P1-2
Removed Pin From Net: NetName=VCCIO5 Pin=R25-1
Removed Pin From Net: NetName=VCCIO5 Pin=R26-1
Removed Pin From Net: NetName=VCCIO5 Pin=R32-1
Removed Pin From Net: NetName=VCCIO5 Pin=R33-1
Removed Pin From Net: NetName=VCCIO5 Pin=R43-1
Removed Pin From Net: NetName=VCCIO5 Pin=R44-1
Removed Pin From Net: NetName=VCCIO5 Pin=R45-1
Removed Pin From Net: NetName=VCCIO5 Pin=R46-1
Removed Pin From Net: NetName=VCCIO5 Pin=U5-14
Removed Pin From Net: NetName=VCCIO5 Pin=U9-8
Added Pin To Net: NetName=V1P8 Pin=C23-1
Added Pin To Net: NetName=V1P8 Pin=C24-1
Added Pin To Net: NetName=V1P8 Pin=C41-1
Added Pin To Net: NetName=V1P8 Pin=C42-1
Added Pin To Net: NetName=V1P8 Pin=C48-1
Added Pin To Net: NetName=V1P8 Pin=C49-1
Added Pin To Net: NetName=V1P8 Pin=C98-1
Added Pin To Net: NetName=V1P8 Pin=C99-1
Added Pin To Net: NetName=V1P8 Pin=C100-1
Added Pin To Net: NetName=V1P8 Pin=C105-1
Added Pin To Net: NetName=V1P8 Pin=C171-1
Added Pin To Net: NetName=V1P8 Pin=J3-3
Added Pin To Net: NetName=V1P8 Pin=J4-3
Added Pin To Net: NetName=V1P8 Pin=J5-3
Added Pin To Net: NetName=V1P8 Pin=J6-3
Added Pin To Net: NetName=V1P8 Pin=P1-2
Added Pin To Net: NetName=VCCIO6 Pin=R25-1
Added Pin To Net: NetName=VCCIO6 Pin=R26-1
Added Pin To Net: NetName=VCCIO6 Pin=R32-1
Added Pin To Net: NetName=VCCIO6 Pin=R33-1
Added Pin To Net: NetName=VCCIO6 Pin=R43-1
Added Pin To Net: NetName=VCCIO6 Pin=R44-1
Added Pin To Net: NetName=VCCIO6 Pin=R45-1
Added Pin To Net: NetName=VCCIO6 Pin=R46-1
Added Pin To Net: NetName=V1P8 Pin=U5-14
Added Pin To Net: NetName=V1P8 Pin=U9-8
