Removed Pin From Net: NetName=V1P8 Pin=C20-1
Removed Pin From Net: NetName=V1P8 Pin=C43-1
Removed Pin From Net: NetName=V1P8 Pin=C50-1
Removed Pin From Net: NetName=V1P8 Pin=C51-1
Removed Pin From Net: NetName=V1P8 Pin=J3-3
Removed Pin From Net: NetName=V1P8 Pin=J4-3
Removed Pin From Net: NetName=V1P8 Pin=J5-3
Removed Pin From Net: NetName=V1P8 Pin=R23-2
Removed Pin From Net: NetName=V1P8 Pin=R34-2
Removed Pin From Net: NetName=V1P8 Pin=R47-2
Removed Pin From Net: NetName=V1P8 Pin=R48-2
Removed Pin From Net: NetName=V1P8 Pin=S-4
Removed Pin From Net: NetName=V1P8 Pin=X2-4
Removed Pin From Net: NetName=V1P8 Pin=X3-4
Removed Pin From Net: NetName=V1P8 Pin=X5-4
Added Pin To Net: NetName=VCCIO5 Pin=C20-1
Added Pin To Net: NetName=VCCIO5 Pin=C43-1
Added Pin To Net: NetName=VCCIO5 Pin=C50-1
Added Pin To Net: NetName=VCCIO5 Pin=C51-1
Added Pin To Net: NetName=VCCIO5 Pin=J3-3
Added Pin To Net: NetName=VCCIO5 Pin=J4-3
Added Pin To Net: NetName=VCCIO5 Pin=J5-3
Added Pin To Net: NetName=VCCIO5 Pin=R23-2
Added Pin To Net: NetName=VCCIO5 Pin=R34-2
Added Pin To Net: NetName=VCCIO5 Pin=R47-2
Added Pin To Net: NetName=VCCIO5 Pin=R48-2
Added Pin To Net: NetName=VCCIO5 Pin=X2-4
Added Pin To Net: NetName=VCCIO5 Pin=X3-4
Added Pin To Net: NetName=VCCIO5 Pin=S-4
Added Pin To Net: NetName=VCCIO5 Pin=X5-4
